[ 2016-12-31T16:02:14+08:00 ] ::1 /web/shop/index.php/Admin/Manager/img/admin.png
INFO: [ app_init ] --START--
INFO: [ app_init ] --END-- [ RunTime:0.000226s ]
INFO: [ path_info ] --START--
INFO: [ path_info ] --END-- [ RunTime:0.000015s ]

[ 2016-12-31T16:02:14+08:00 ] ::1 /web/shop/index.php/Admin/Manager/img/user_botton.gif
INFO: [ app_init ] --START--
INFO: [ app_init ] --END-- [ RunTime:0.000143s ]
INFO: [ path_info ] --START--
INFO: [ path_info ] --END-- [ RunTime:0.000014s ]

[ 2016-12-31T16:02:18+08:00 ] ::1 /web/shop/index.php/Admin/Manager/img/admin.png
INFO: [ app_init ] --START--
INFO: [ app_init ] --END-- [ RunTime:0.000198s ]
INFO: [ path_info ] --START--
INFO: [ path_info ] --END-- [ RunTime:0.000016s ]

[ 2016-12-31T16:02:18+08:00 ] ::1 /web/shop/index.php/Admin/Manager/img/user_botton.gif
INFO: [ app_init ] --START--
INFO: [ app_init ] --END-- [ RunTime:0.002169s ]
INFO: [ path_info ] --START--
INFO: [ path_info ] --END-- [ RunTime:0.000012s ]

[ 2016-12-31T16:17:52+08:00 ] ::1 /web/shop/index.php/Admin/Manager/img/admin.png
INFO: [ app_init ] --START--
INFO: [ app_init ] --END-- [ RunTime:0.000256s ]
INFO: [ path_info ] --START--
INFO: [ path_info ] --END-- [ RunTime:0.000015s ]

[ 2016-12-31T16:17:52+08:00 ] ::1 /web/shop/index.php/Admin/Manager/img/user_botton.gif
INFO: [ app_init ] --START--
INFO: [ app_init ] --END-- [ RunTime:0.000384s ]
INFO: [ path_info ] --START--
INFO: [ path_info ] --END-- [ RunTime:0.000045s ]

[ 2016-12-31T16:19:43+08:00 ] ::1 /web/shop/index.php/Admin/Manager/img/admin.png
INFO: [ app_init ] --START--
INFO: [ app_init ] --END-- [ RunTime:0.000576s ]
INFO: [ path_info ] --START--
INFO: [ path_info ] --END-- [ RunTime:0.000016s ]

[ 2016-12-31T16:19:43+08:00 ] ::1 /web/shop/index.php/Admin/Manager/img/user_botton.gif
INFO: [ app_init ] --START--
INFO: [ app_init ] --END-- [ RunTime:0.001978s ]
INFO: [ path_info ] --START--
INFO: [ path_info ] --END-- [ RunTime:0.000019s ]

[ 2016-12-31T16:53:45+08:00 ] ::1 /web/shop/index.php/Admin/Manager/img/admin.png
INFO: [ app_init ] --START--
INFO: [ app_init ] --END-- [ RunTime:0.000375s ]
INFO: [ path_info ] --START--
INFO: [ path_info ] --END-- [ RunTime:0.000026s ]

[ 2016-12-31T16:53:45+08:00 ] ::1 /web/shop/index.php/Admin/Manager/img/user_botton.gif
INFO: [ app_init ] --START--
INFO: [ app_init ] --END-- [ RunTime:0.000206s ]
INFO: [ path_info ] --START--
INFO: [ path_info ] --END-- [ RunTime:0.000022s ]

[ 2016-12-31T16:54:51+08:00 ] ::1 /web/shop/index.php/Admin/Manager/img/admin.png
INFO: [ app_init ] --START--
INFO: [ app_init ] --END-- [ RunTime:0.001169s ]
INFO: [ path_info ] --START--
INFO: [ path_info ] --END-- [ RunTime:0.000026s ]

[ 2016-12-31T16:54:51+08:00 ] ::1 /web/shop/index.php/Admin/Manager/img/user_botton.gif
INFO: [ app_init ] --START--
INFO: [ app_init ] --END-- [ RunTime:0.000711s ]
INFO: [ path_info ] --START--
INFO: [ path_info ] --END-- [ RunTime:0.000017s ]

[ 2016-12-31T16:54:53+08:00 ] ::1 /web/shop/index.php/Admin/Manager/img/admin.png
INFO: [ app_init ] --START--
INFO: [ app_init ] --END-- [ RunTime:0.000210s ]
INFO: [ path_info ] --START--
INFO: [ path_info ] --END-- [ RunTime:0.000016s ]

[ 2016-12-31T16:54:53+08:00 ] ::1 /web/shop/index.php/Admin/Manager/img/user_botton.gif
INFO: [ app_init ] --START--
INFO: [ app_init ] --END-- [ RunTime:0.001294s ]
INFO: [ path_info ] --START--
INFO: [ path_info ] --END-- [ RunTime:0.000072s ]

[ 2016-12-31T16:55:21+08:00 ] ::1 /web/shop/index.php/Admin/Manager/img/admin.png
INFO: [ app_init ] --START--
INFO: [ app_init ] --END-- [ RunTime:0.000531s ]
INFO: [ path_info ] --START--
INFO: [ path_info ] --END-- [ RunTime:0.000016s ]

[ 2016-12-31T16:55:21+08:00 ] ::1 /web/shop/index.php/Admin/Manager/img/user_botton.gif
INFO: [ app_init ] --START--
INFO: [ app_init ] --END-- [ RunTime:0.000661s ]
INFO: [ path_info ] --START--
INFO: [ path_info ] --END-- [ RunTime:0.000021s ]

[ 2016-12-31T16:55:22+08:00 ] ::1 /web/shop/index.php/Admin/Manager/img/admin.png
INFO: [ app_init ] --START--
INFO: [ app_init ] --END-- [ RunTime:0.000304s ]
INFO: [ path_info ] --START--
INFO: [ path_info ] --END-- [ RunTime:0.000024s ]

[ 2016-12-31T16:55:22+08:00 ] ::1 /web/shop/index.php/Admin/Manager/img/user_botton.gif
INFO: [ app_init ] --START--
INFO: [ app_init ] --END-- [ RunTime:0.000426s ]
INFO: [ path_info ] --START--
INFO: [ path_info ] --END-- [ RunTime:0.000020s ]

[ 2016-12-31T16:55:54+08:00 ] ::1 /web/shop/index.php/Admin/Manager/%7B$Think.const.ADMIN_IMG_URLadmin.png
INFO: [ app_init ] --START--
INFO: [ app_init ] --END-- [ RunTime:0.000199s ]
INFO: [ path_info ] --START--
INFO: [ path_info ] --END-- [ RunTime:0.000017s ]

[ 2016-12-31T16:55:54+08:00 ] ::1 /web/shop/index.php/Admin/Manager/%7B$Think.const.ADMIN_IMG_URLuser_botton.gif
INFO: [ app_init ] --START--
INFO: [ app_init ] --END-- [ RunTime:0.000440s ]
INFO: [ path_info ] --START--
INFO: [ path_info ] --END-- [ RunTime:0.000016s ]

[ 2016-12-31T16:55:55+08:00 ] ::1 /web/shop/index.php/Admin/Manager/%7B$Think.const.ADMIN_IMG_URLadmin.png
INFO: [ app_init ] --START--
INFO: [ app_init ] --END-- [ RunTime:0.000234s ]
INFO: [ path_info ] --START--
INFO: [ path_info ] --END-- [ RunTime:0.000018s ]

[ 2016-12-31T16:55:55+08:00 ] ::1 /web/shop/index.php/Admin/Manager/%7B$Think.const.ADMIN_IMG_URLuser_botton.gif
INFO: [ app_init ] --START--
INFO: [ app_init ] --END-- [ RunTime:0.000153s ]
INFO: [ path_info ] --START--
INFO: [ path_info ] --END-- [ RunTime:0.000009s ]

[ 2016-12-31T16:56:11+08:00 ] ::1 /web/shop/index.php/Admin/Manager/%7B$Think.const.ADMIN_IMG_URLadmin.png
INFO: [ app_init ] --START--
INFO: [ app_init ] --END-- [ RunTime:0.000245s ]
INFO: [ path_info ] --START--
INFO: [ path_info ] --END-- [ RunTime:0.000016s ]

[ 2016-12-31T16:56:11+08:00 ] ::1 /web/shop/index.php/Admin/Manager/%7B$Think.const.ADMIN_IMG_URLuser_botton.gif
INFO: [ app_init ] --START--
INFO: [ app_init ] --END-- [ RunTime:0.000266s ]
INFO: [ path_info ] --START--
INFO: [ path_info ] --END-- [ RunTime:0.000010s ]

[ 2016-12-31T16:56:12+08:00 ] ::1 /web/shop/index.php/Admin/Manager/%7B$Think.const.ADMIN_IMG_URLadmin.png
INFO: [ app_init ] --START--
INFO: [ app_init ] --END-- [ RunTime:0.000216s ]
INFO: [ path_info ] --START--
INFO: [ path_info ] --END-- [ RunTime:0.000021s ]

[ 2016-12-31T16:56:12+08:00 ] ::1 /web/shop/index.php/Admin/Manager/%7B$Think.const.ADMIN_IMG_URLuser_botton.gif
INFO: [ app_init ] --START--
INFO: [ app_init ] --END-- [ RunTime:0.000764s ]
INFO: [ path_info ] --START--
INFO: [ path_info ] --END-- [ RunTime:0.000010s ]

[ 2016-12-31T16:56:13+08:00 ] ::1 /web/shop/index.php/Admin/Manager/%7B$Think.const.ADMIN_IMG_URLadmin.png
INFO: [ app_init ] --START--
INFO: [ app_init ] --END-- [ RunTime:0.011717s ]
INFO: [ path_info ] --START--
INFO: [ path_info ] --END-- [ RunTime:0.000138s ]

[ 2016-12-31T16:56:13+08:00 ] ::1 /web/shop/index.php/Admin/Manager/%7B$Think.const.ADMIN_IMG_URLuser_botton.gif
INFO: [ app_init ] --START--
INFO: [ app_init ] --END-- [ RunTime:0.000228s ]
INFO: [ path_info ] --START--
INFO: [ path_info ] --END-- [ RunTime:0.000016s ]

[ 2016-12-31T16:56:43+08:00 ] ::1 /web/shop/index.php/Admin/Manager/%7B$Think.const.ADMIN_IMG_URLadmin.png
INFO: [ app_init ] --START--
INFO: [ app_init ] --END-- [ RunTime:0.000764s ]
INFO: [ path_info ] --START--
INFO: [ path_info ] --END-- [ RunTime:0.000066s ]

[ 2016-12-31T16:56:43+08:00 ] ::1 /web/shop/index.php/Admin/Manager/%7B$Think.const.ADMIN_IMG_URLuser_botton.gif
INFO: [ app_init ] --START--
INFO: [ app_init ] --END-- [ RunTime:0.000139s ]
INFO: [ path_info ] --START--
INFO: [ path_info ] --END-- [ RunTime:0.000010s ]

[ 2016-12-31T16:56:44+08:00 ] ::1 /web/shop/index.php/Admin/Manager/%7B$Think.const.ADMIN_IMG_URLadmin.png
INFO: [ app_init ] --START--
INFO: [ app_init ] --END-- [ RunTime:0.000303s ]
INFO: [ path_info ] --START--
INFO: [ path_info ] --END-- [ RunTime:0.000023s ]

[ 2016-12-31T16:56:44+08:00 ] ::1 /web/shop/index.php/Admin/Manager/%7B$Think.const.ADMIN_IMG_URLuser_botton.gif
INFO: [ app_init ] --START--
INFO: [ app_init ] --END-- [ RunTime:0.000142s ]
INFO: [ path_info ] --START--
INFO: [ path_info ] --END-- [ RunTime:0.000010s ]

[ 2016-12-31T16:56:45+08:00 ] ::1 /web/shop/index.php/Admin/Manager/%7B$Think.const.ADMIN_IMG_URLadmin.png
INFO: [ app_init ] --START--
INFO: [ app_init ] --END-- [ RunTime:0.000208s ]
INFO: [ path_info ] --START--
INFO: [ path_info ] --END-- [ RunTime:0.000068s ]

[ 2016-12-31T16:56:45+08:00 ] ::1 /web/shop/index.php/Admin/Manager/%7B$Think.const.ADMIN_IMG_URLuser_botton.gif
INFO: [ app_init ] --START--
INFO: [ app_init ] --END-- [ RunTime:0.000135s ]
INFO: [ path_info ] --START--
INFO: [ path_info ] --END-- [ RunTime:0.000009s ]

[ 2016-12-31T16:57:39+08:00 ] ::1 /web/shop/index.php/Admin/Manager/%7B$Think.const.ADMIN_IMG_URLadmin.png
INFO: [ app_init ] --START--
INFO: [ app_init ] --END-- [ RunTime:0.000238s ]
INFO: [ path_info ] --START--
INFO: [ path_info ] --END-- [ RunTime:0.000016s ]

[ 2016-12-31T16:57:39+08:00 ] ::1 /web/shop/index.php/Admin/Manager/%7B$Think.const.ADMIN_IMG_URLuser_botton.gif
INFO: [ app_init ] --START--
INFO: [ app_init ] --END-- [ RunTime:0.000492s ]
INFO: [ path_info ] --START--
INFO: [ path_info ] --END-- [ RunTime:0.000017s ]

[ 2016-12-31T16:58:39+08:00 ] ::1 /web/shop/index.php/Admin/Manager/%7B$Think.const.ADMIN_IMG_URLadmin.png
INFO: [ app_init ] --START--
INFO: [ app_init ] --END-- [ RunTime:0.000134s ]
INFO: [ path_info ] --START--
INFO: [ path_info ] --END-- [ RunTime:0.000010s ]

[ 2016-12-31T16:58:39+08:00 ] ::1 /web/shop/index.php/Admin/Manager/%7B$Think.const.ADMIN_IMG_URLuser_botton.gif
INFO: [ app_init ] --START--
INFO: [ app_init ] --END-- [ RunTime:0.000134s ]
INFO: [ path_info ] --START--
INFO: [ path_info ] --END-- [ RunTime:0.000010s ]

[ 2016-12-31T16:58:45+08:00 ] ::1 /web/shop/index.php/Admin/Manager/{$Think.const.ADMIN_IMG_URLadmin.png
INFO: [ app_init ] --START--
INFO: [ app_init ] --END-- [ RunTime:0.000178s ]
INFO: [ path_info ] --START--
INFO: [ path_info ] --END-- [ RunTime:0.000009s ]

[ 2016-12-31T16:58:45+08:00 ] ::1 /web/shop/index.php/Admin/Manager/{$Think.const.ADMIN_IMG_URLuser_botton.gif
INFO: [ app_init ] --START--
INFO: [ app_init ] --END-- [ RunTime:0.000133s ]
INFO: [ path_info ] --START--
INFO: [ path_info ] --END-- [ RunTime:0.000009s ]

[ 2016-12-31T16:58:48+08:00 ] ::1 /web/shop/index.php/Admin/Manager/{$Think.const.ADMIN_IMG_URLadmin.png
INFO: [ app_init ] --START--
INFO: [ app_init ] --END-- [ RunTime:0.000135s ]
INFO: [ path_info ] --START--
INFO: [ path_info ] --END-- [ RunTime:0.000009s ]

[ 2016-12-31T16:58:48+08:00 ] ::1 /web/shop/index.php/Admin/Manager/{$Think.const.ADMIN_IMG_URLuser_botton.gif
INFO: [ app_init ] --START--
INFO: [ app_init ] --END-- [ RunTime:0.000131s ]
INFO: [ path_info ] --START--
INFO: [ path_info ] --END-- [ RunTime:0.000009s ]

[ 2016-12-31T16:58:49+08:00 ] ::1 /web/shop/index.php/Admin/Manager/{$Think.const.ADMIN_IMG_URLadmin.png
INFO: [ app_init ] --START--
INFO: [ app_init ] --END-- [ RunTime:0.000141s ]
INFO: [ path_info ] --START--
INFO: [ path_info ] --END-- [ RunTime:0.000010s ]

[ 2016-12-31T16:58:49+08:00 ] ::1 /web/shop/index.php/Admin/Manager/{$Think.const.ADMIN_IMG_URLuser_botton.gif
INFO: [ app_init ] --START--
INFO: [ app_init ] --END-- [ RunTime:0.000195s ]
INFO: [ path_info ] --START--
INFO: [ path_info ] --END-- [ RunTime:0.000016s ]

[ 2016-12-31T16:58:54+08:00 ] ::1 /web/shop/index.php/Admin/Manager/%7B$Think.const.ADMIN_IMG_URLadmin.png
INFO: [ app_init ] --START--
INFO: [ app_init ] --END-- [ RunTime:0.000132s ]
INFO: [ path_info ] --START--
INFO: [ path_info ] --END-- [ RunTime:0.000009s ]

[ 2016-12-31T16:58:54+08:00 ] ::1 /web/shop/index.php/Admin/Manager/%7B$Think.const.ADMIN_IMG_URLuser_botton.gif
INFO: [ app_init ] --START--
INFO: [ app_init ] --END-- [ RunTime:0.001061s ]
INFO: [ path_info ] --START--
INFO: [ path_info ] --END-- [ RunTime:0.000043s ]

[ 2016-12-31T16:59:21+08:00 ] ::1 /web/shop/index.php/Admin/Manager/%7B$Think.const.ADMIN_IMG_URLuser_botton.gif
INFO: [ app_init ] --START--
INFO: [ app_init ] --END-- [ RunTime:0.000459s ]
INFO: [ path_info ] --START--
INFO: [ path_info ] --END-- [ RunTime:0.000015s ]

[ 2016-12-31T16:59:21+08:00 ] ::1 /web/shop/index.php/Admin/Manager/%7B$Think.const.ADMIN_IMG_URLadmin.png
INFO: [ app_init ] --START--
INFO: [ app_init ] --END-- [ RunTime:0.000277s ]
INFO: [ path_info ] --START--
INFO: [ path_info ] --END-- [ RunTime:0.000017s ]

[ 2016-12-31T16:59:30+08:00 ] ::1 /web/shop/index.php/Admin/Manager/%7B$Think.const.ADMIN_IMG_URLadmin.png
INFO: [ app_init ] --START--
INFO: [ app_init ] --END-- [ RunTime:0.000143s ]
INFO: [ path_info ] --START--
INFO: [ path_info ] --END-- [ RunTime:0.000009s ]

[ 2016-12-31T16:59:31+08:00 ] ::1 /web/shop/index.php/Admin/Manager/%7B$Think.const.ADMIN_IMG_URLuser_botton.gif
INFO: [ app_init ] --START--
INFO: [ app_init ] --END-- [ RunTime:0.000131s ]
INFO: [ path_info ] --START--
INFO: [ path_info ] --END-- [ RunTime:0.000010s ]

