[ 2017-01-10T17:59:14+08:00 ] ::1 /web/shop/index.php/Admin/Goods/img/20121018-174034-97960.jpg
INFO: [ app_init ] --START--
INFO: [ app_init ] --END-- [ RunTime:0.000207s ]
INFO: [ path_info ] --START--
INFO: [ path_info ] --END-- [ RunTime:0.000017s ]

[ 2017-01-10T17:59:14+08:00 ] ::1 /web/shop/index.php/Admin/Goods/img/20121018-174346-54660.jpg
INFO: [ app_init ] --START--
INFO: [ app_init ] --END-- [ RunTime:0.000390s ]
INFO: [ path_info ] --START--
INFO: [ path_info ] --END-- [ RunTime:0.000029s ]

[ 2017-01-10T17:59:14+08:00 ] ::1 /web/shop/index.php/Admin/Goods/img/20121018-174455-91962.jpg
INFO: [ app_init ] --START--
INFO: [ app_init ] --END-- [ RunTime:0.000269s ]
INFO: [ path_info ] --START--
INFO: [ path_info ] --END-- [ RunTime:0.000031s ]

[ 2017-01-10T17:59:14+08:00 ] ::1 /web/shop/index.php/Admin/Goods/img/20121018-174034-58977.jpg
INFO: [ app_init ] --START--
INFO: [ app_init ] --END-- [ RunTime:0.004325s ]
INFO: [ path_info ] --START--
INFO: [ path_info ] --END-- [ RunTime:0.000040s ]

[ 2017-01-10T17:59:14+08:00 ] ::1 /web/shop/index.php/Admin/Goods/img/20121018-174248-87501.jpg
INFO: [ app_init ] --START--
INFO: [ app_init ] --END-- [ RunTime:0.000339s ]
INFO: [ path_info ] --START--
INFO: [ path_info ] --END-- [ RunTime:0.000033s ]

[ 2017-01-10T17:59:14+08:00 ] ::1 /web/shop/index.php/Admin/Goods/img/20121018-174248-28718.jpg
INFO: [ app_init ] --START--
INFO: [ app_init ] --END-- [ RunTime:0.000358s ]
INFO: [ path_info ] --START--
INFO: [ path_info ] --END-- [ RunTime:0.000044s ]

[ 2017-01-10T17:59:14+08:00 ] ::1 /web/shop/index.php/Admin/Goods/img/20121018-174346-31424.jpg
INFO: [ app_init ] --START--
INFO: [ app_init ] --END-- [ RunTime:0.000312s ]
INFO: [ path_info ] --START--
INFO: [ path_info ] --END-- [ RunTime:0.000034s ]

[ 2017-01-10T17:59:14+08:00 ] ::1 /web/shop/index.php/Admin/Goods/img/20121018-174455-10118.jpg
INFO: [ app_init ] --START--
INFO: [ app_init ] --END-- [ RunTime:0.000134s ]
INFO: [ path_info ] --START--
INFO: [ path_info ] --END-- [ RunTime:0.000014s ]

[ 2017-01-10T18:13:53+08:00 ] ::1 /web/shop/index.php/Admin/Goods/20121018-174034-58977.jpg
INFO: [ app_init ] --START--
INFO: [ app_init ] --END-- [ RunTime:0.000261s ]
INFO: [ path_info ] --START--
INFO: [ path_info ] --END-- [ RunTime:0.000017s ]

[ 2017-01-10T20:59:29+08:00 ] ::1 /web/shop/index.php/Admin/Goods/20121018-174034-58977.jpg
INFO: [ app_init ] --START--
INFO: [ app_init ] --END-- [ RunTime:0.000220s ]
INFO: [ path_info ] --START--
INFO: [ path_info ] --END-- [ RunTime:0.000018s ]

[ 2017-01-10T20:59:29+08:00 ] ::1 /web/shop/index.php/Admin/Goods/20121018-174248-28718.jpg
INFO: [ app_init ] --START--
INFO: [ app_init ] --END-- [ RunTime:0.000253s ]
INFO: [ path_info ] --START--
INFO: [ path_info ] --END-- [ RunTime:0.000022s ]

[ 2017-01-10T20:59:29+08:00 ] ::1 /web/shop/index.php/Admin/Goods/20121018-174455-10118.jpg
INFO: [ app_init ] --START--
INFO: [ app_init ] --END-- [ RunTime:0.000831s ]
INFO: [ path_info ] --START--
INFO: [ path_info ] --END-- [ RunTime:0.000019s ]

[ 2017-01-10T20:59:29+08:00 ] ::1 /web/shop/index.php/Admin/Goods/20121018-174455-91962.jpg
INFO: [ app_init ] --START--
INFO: [ app_init ] --END-- [ RunTime:0.000227s ]
INFO: [ path_info ] --START--
INFO: [ path_info ] --END-- [ RunTime:0.000020s ]

[ 2017-01-10T20:59:29+08:00 ] ::1 /web/shop/index.php/Admin/Goods/20121018-174248-87501.jpg
INFO: [ app_init ] --START--
INFO: [ app_init ] --END-- [ RunTime:0.000199s ]
INFO: [ path_info ] --START--
INFO: [ path_info ] --END-- [ RunTime:0.000041s ]

[ 2017-01-10T20:59:29+08:00 ] ::1 /web/shop/index.php/Admin/Goods/20121018-174346-54660.jpg
INFO: [ app_init ] --START--
INFO: [ app_init ] --END-- [ RunTime:0.000170s ]
INFO: [ path_info ] --START--
INFO: [ path_info ] --END-- [ RunTime:0.000015s ]

[ 2017-01-10T20:59:29+08:00 ] ::1 /web/shop/index.php/Admin/Goods/20121018-174346-31424.jpg
INFO: [ app_init ] --START--
INFO: [ app_init ] --END-- [ RunTime:0.000172s ]
INFO: [ path_info ] --START--
INFO: [ path_info ] --END-- [ RunTime:0.000010s ]

[ 2017-01-10T20:59:30+08:00 ] ::1 /web/shop/index.php/Admin/Goods/20121018-174034-97960.jpg
INFO: [ app_init ] --START--
INFO: [ app_init ] --END-- [ RunTime:0.000185s ]
INFO: [ path_info ] --START--
INFO: [ path_info ] --END-- [ RunTime:0.000010s ]

[ 2017-01-10T20:59:30+08:00 ] ::1 /web/shop/index.php/Admin/Goods/20121018-174034-58977.jpg
INFO: [ app_init ] --START--
INFO: [ app_init ] --END-- [ RunTime:0.000245s ]
INFO: [ path_info ] --START--
INFO: [ path_info ] --END-- [ RunTime:0.000020s ]

[ 2017-01-10T20:59:30+08:00 ] ::1 /web/shop/index.php/Admin/Goods/20121018-174455-10118.jpg
INFO: [ app_init ] --START--
INFO: [ app_init ] --END-- [ RunTime:0.000188s ]
INFO: [ path_info ] --START--
INFO: [ path_info ] --END-- [ RunTime:0.000017s ]

[ 2017-01-10T20:59:30+08:00 ] ::1 /web/shop/index.php/Admin/Goods/20121018-174248-28718.jpg
INFO: [ app_init ] --START--
INFO: [ app_init ] --END-- [ RunTime:0.011791s ]
INFO: [ path_info ] --START--
INFO: [ path_info ] --END-- [ RunTime:0.000017s ]

[ 2017-01-10T20:59:30+08:00 ] ::1 /web/shop/index.php/Admin/Goods/20121018-174346-31424.jpg
INFO: [ app_init ] --START--
INFO: [ app_init ] --END-- [ RunTime:0.000200s ]
INFO: [ path_info ] --START--
INFO: [ path_info ] --END-- [ RunTime:0.000017s ]

[ 2017-01-10T20:59:30+08:00 ] ::1 /web/shop/index.php/Admin/Goods/20121018-174034-97960.jpg
INFO: [ app_init ] --START--
INFO: [ app_init ] --END-- [ RunTime:0.000244s ]
INFO: [ path_info ] --START--
INFO: [ path_info ] --END-- [ RunTime:0.000021s ]

[ 2017-01-10T20:59:30+08:00 ] ::1 /web/shop/index.php/Admin/Goods/20121018-174346-54660.jpg
INFO: [ app_init ] --START--
INFO: [ app_init ] --END-- [ RunTime:0.002258s ]
INFO: [ path_info ] --START--
INFO: [ path_info ] --END-- [ RunTime:0.000018s ]

[ 2017-01-10T20:59:30+08:00 ] ::1 /web/shop/index.php/Admin/Goods/20121018-174455-91962.jpg
INFO: [ app_init ] --START--
INFO: [ app_init ] --END-- [ RunTime:0.000135s ]
INFO: [ path_info ] --START--
INFO: [ path_info ] --END-- [ RunTime:0.000009s ]

[ 2017-01-10T20:59:30+08:00 ] ::1 /web/shop/index.php/Admin/Goods/20121018-174248-87501.jpg
INFO: [ app_init ] --START--
INFO: [ app_init ] --END-- [ RunTime:0.000130s ]
INFO: [ path_info ] --START--
INFO: [ path_info ] --END-- [ RunTime:0.000009s ]

[ 2017-01-10T21:59:00+08:00 ] ::1 /web/shop/index.php/Admin/Goodsimages/200905/goods_img/3_G_1241422082168.jpg.jpg
INFO: [ app_init ] --START--
INFO: [ app_init ] --END-- [ RunTime:0.000216s ]
INFO: [ path_info ] --START--
INFO: [ path_info ] --END-- [ RunTime:0.000015s ]

[ 2017-01-10T21:59:00+08:00 ] ::1 /web/shop/index.php/Admin/Goodsimages/200905/thumb_img/32_thumb_G_1242110760196.jpg.jpg
INFO: [ app_init ] --START--
INFO: [ app_init ] --END-- [ RunTime:0.000338s ]
INFO: [ path_info ] --START--
INFO: [ path_info ] --END-- [ RunTime:0.000022s ]

[ 2017-01-10T21:59:00+08:00 ] ::1 /web/shop/index.php/Admin/Goodsimages/200905/goods_img/32_G_1242110760868.jpg.jpg
INFO: [ app_init ] --START--
INFO: [ app_init ] --END-- [ RunTime:0.000307s ]
INFO: [ path_info ] --START--
INFO: [ path_info ] --END-- [ RunTime:0.000025s ]

[ 2017-01-10T21:59:00+08:00 ] ::1 /web/shop/index.php/Admin/Goodsimages/200905/goods_img/4_G_1241422402722.jpg.jpg
INFO: [ app_init ] --START--
INFO: [ app_init ] --END-- [ RunTime:0.000278s ]
INFO: [ path_info ] --START--
INFO: [ path_info ] --END-- [ RunTime:0.000017s ]

[ 2017-01-10T21:59:00+08:00 ] ::1 /web/shop/index.php/Admin/Goodsimages/200905/thumb_img/4_thumb_G_1241422402467.jpg.jpg
INFO: [ app_init ] --START--
INFO: [ app_init ] --END-- [ RunTime:0.000237s ]
INFO: [ path_info ] --START--
INFO: [ path_info ] --END-- [ RunTime:0.000016s ]

[ 2017-01-10T21:59:00+08:00 ] ::1 /web/shop/index.php/Admin/Goodsimages/200905/thumb_img/3_thumb_G_1241422082679.jpg.jpg
INFO: [ app_init ] --START--
INFO: [ app_init ] --END-- [ RunTime:0.000410s ]
INFO: [ path_info ] --START--
INFO: [ path_info ] --END-- [ RunTime:0.000069s ]

[ 2017-01-10T21:59:00+08:00 ] ::1 /web/shop/index.php/Admin/Goodsimages/200905/thumb_img/16_thumb_G_1241968949103.jpg.jpg
INFO: [ app_init ] --START--
INFO: [ app_init ] --END-- [ RunTime:0.000194s ]
INFO: [ path_info ] --START--
INFO: [ path_info ] --END-- [ RunTime:0.000017s ]

[ 2017-01-10T21:59:00+08:00 ] ::1 /web/shop/index.php/Admin/Goodsimages/200905/goods_img/15_G_1242973362318.jpg.jpg
INFO: [ app_init ] --START--
INFO: [ app_init ] --END-- [ RunTime:0.000789s ]
INFO: [ path_info ] --START--
INFO: [ path_info ] --END-- [ RunTime:0.000015s ]

[ 2017-01-10T21:59:00+08:00 ] ::1 /web/shop/index.php/Admin/Goodsimages/200905/thumb_img/19_thumb_G_1241970175208.jpg.jpg
INFO: [ app_init ] --START--
INFO: [ app_init ] --END-- [ RunTime:0.000238s ]
INFO: [ path_info ] --START--
INFO: [ path_info ] --END-- [ RunTime:0.000017s ]

[ 2017-01-10T21:59:00+08:00 ] ::1 /web/shop/index.php/Admin/Goodsimages/200905/goods_img/8_G_1241425513055.jpg.jpg
INFO: [ app_init ] --START--
INFO: [ app_init ] --END-- [ RunTime:0.000219s ]
INFO: [ path_info ] --START--
INFO: [ path_info ] --END-- [ RunTime:0.000015s ]

[ 2017-01-10T21:59:00+08:00 ] ::1 /web/shop/index.php/Admin/Goodsimages/200905/goods_img/10_G_1242973436141.jpg.jpg
INFO: [ app_init ] --START--
INFO: [ app_init ] --END-- [ RunTime:0.000206s ]
INFO: [ path_info ] --START--
INFO: [ path_info ] --END-- [ RunTime:0.000016s ]

[ 2017-01-10T21:59:00+08:00 ] ::1 /web/shop/index.php/Admin/Goodsimages/200905/goods_img/7_G_1241422785856.jpg.jpg
INFO: [ app_init ] --START--
INFO: [ app_init ] --END-- [ RunTime:0.000370s ]
INFO: [ path_info ] --START--
INFO: [ path_info ] --END-- [ RunTime:0.000017s ]

[ 2017-01-10T21:59:00+08:00 ] ::1 /web/shop/index.php/Admin/Goodsimages/200905/thumb_img/8_thumb_G_1241425513488.jpg.jpg
INFO: [ app_init ] --START--
INFO: [ app_init ] --END-- [ RunTime:0.000478s ]
INFO: [ path_info ] --START--
INFO: [ path_info ] --END-- [ RunTime:0.000037s ]

[ 2017-01-10T21:59:00+08:00 ] ::1 /web/shop/index.php/Admin/Goodsimages/200905/goods_img/16_G_1241968949002.jpg.jpg
INFO: [ app_init ] --START--
INFO: [ app_init ] --END-- [ RunTime:0.001319s ]
INFO: [ path_info ] --START--
INFO: [ path_info ] --END-- [ RunTime:0.000057s ]

[ 2017-01-10T21:59:00+08:00 ] ::1 /web/shop/index.php/Admin/Goodsimages/200905/thumb_img/12_thumb_G_1241965978410.jpg.jpg
INFO: [ app_init ] --START--
INFO: [ app_init ] --END-- [ RunTime:0.000412s ]
INFO: [ path_info ] --START--
INFO: [ path_info ] --END-- [ RunTime:0.000036s ]

[ 2017-01-10T21:59:00+08:00 ] ::1 /web/shop/index.php/Admin/Goodsimages/200905/goods_img/9_G_1241511871574.jpg.jpg
INFO: [ app_init ] --START--
INFO: [ app_init ] --END-- [ RunTime:0.000208s ]
INFO: [ path_info ] --START--
INFO: [ path_info ] --END-- [ RunTime:0.000015s ]

[ 2017-01-10T21:59:00+08:00 ] ::1 /web/shop/index.php/Admin/Goodsimages/200905/thumb_img/14_thumb_G_1241968492116.jpg.jpg
INFO: [ app_init ] --START--
INFO: [ app_init ] --END-- [ RunTime:0.000227s ]
INFO: [ path_info ] --START--
INFO: [ path_info ] --END-- [ RunTime:0.000019s ]

[ 2017-01-10T21:59:00+08:00 ] ::1 /web/shop/index.php/Admin/Goodsimages/200905/goods_img/13_G_1241968002233.jpg.jpg
INFO: [ app_init ] --START--
INFO: [ app_init ] --END-- [ RunTime:0.000201s ]
INFO: [ path_info ] --START--
INFO: [ path_info ] --END-- [ RunTime:0.000016s ]

[ 2017-01-10T21:59:00+08:00 ] ::1 /web/shop/index.php/Admin/Goodsimages/200905/thumb_img/7_thumb_G_1241422785492.jpg.jpg
INFO: [ app_init ] --START--
INFO: [ app_init ] --END-- [ RunTime:0.000195s ]
INFO: [ path_info ] --START--
INFO: [ path_info ] --END-- [ RunTime:0.000014s ]

[ 2017-01-10T21:59:00+08:00 ] ::1 /web/shop/index.php/Admin/Goodsimages/200905/goods_img/17_G_1241969394677.jpg.jpg
INFO: [ app_init ] --START--
INFO: [ app_init ] --END-- [ RunTime:0.000195s ]
INFO: [ path_info ] --START--
INFO: [ path_info ] --END-- [ RunTime:0.000017s ]

[ 2017-01-10T21:59:00+08:00 ] ::1 /web/shop/index.php/Admin/Goodsimages/200905/thumb_img/9_thumb_G_1241511871555.jpg.jpg
INFO: [ app_init ] --START--
INFO: [ app_init ] --END-- [ RunTime:0.000214s ]
INFO: [ path_info ] --START--
INFO: [ path_info ] --END-- [ RunTime:0.000021s ]

[ 2017-01-10T21:59:00+08:00 ] ::1 /web/shop/index.php/Admin/Goodsimages/200905/goods_img/14_G_1241968492932.jpg.jpg
INFO: [ app_init ] --START--
INFO: [ app_init ] --END-- [ RunTime:0.000223s ]
INFO: [ path_info ] --START--
INFO: [ path_info ] --END-- [ RunTime:0.000016s ]

[ 2017-01-10T21:59:00+08:00 ] ::1 /web/shop/index.php/Admin/Goodsimages/200905/goods_img/20_G_1242106490663.jpg.jpg
INFO: [ app_init ] --START--
INFO: [ app_init ] --END-- [ RunTime:0.000221s ]
INFO: [ path_info ] --START--
INFO: [ path_info ] --END-- [ RunTime:0.000018s ]

[ 2017-01-10T21:59:00+08:00 ] ::1 /web/shop/index.php/Admin/Goodsimages/200905/goods_img/19_G_1241970175091.jpg.jpg
INFO: [ app_init ] --START--
INFO: [ app_init ] --END-- [ RunTime:0.000365s ]
INFO: [ path_info ] --START--
INFO: [ path_info ] --END-- [ RunTime:0.000036s ]

[ 2017-01-10T21:59:00+08:00 ] ::1 /web/shop/index.php/Admin/Goodsimages/200905/goods_img/12_G_1241965978209.jpg.jpg
INFO: [ app_init ] --START--
INFO: [ app_init ] --END-- [ RunTime:0.000427s ]
INFO: [ path_info ] --START--
INFO: [ path_info ] --END-- [ RunTime:0.008746s ]

[ 2017-01-10T21:59:00+08:00 ] ::1 /web/shop/index.php/Admin/Goodsimages/200905/thumb_img/15_thumb_G_1242973362970.jpg.jpg
INFO: [ app_init ] --START--
INFO: [ app_init ] --END-- [ RunTime:0.000269s ]
INFO: [ path_info ] --START--
INFO: [ path_info ] --END-- [ RunTime:0.000022s ]

[ 2017-01-10T21:59:00+08:00 ] ::1 /web/shop/index.php/Admin/Goodsimages/200905/thumb_img/10_thumb_G_1242973436403.jpg.jpg
INFO: [ app_init ] --START--
INFO: [ app_init ] --END-- [ RunTime:0.000202s ]
INFO: [ path_info ] --START--
INFO: [ path_info ] --END-- [ RunTime:0.000016s ]

[ 2017-01-10T21:59:00+08:00 ] ::1 /web/shop/index.php/Admin/Goodsimages/200905/thumb_img/17_thumb_G_1241969394587.jpg.jpg
INFO: [ app_init ] --START--
INFO: [ app_init ] --END-- [ RunTime:0.000204s ]
INFO: [ path_info ] --START--
INFO: [ path_info ] --END-- [ RunTime:0.000016s ]

[ 2017-01-10T21:59:00+08:00 ] ::1 /web/shop/index.php/Admin/Goodsimages/200905/thumb_img/20_thumb_G_1242106490058.jpg.jpg
INFO: [ app_init ] --START--
INFO: [ app_init ] --END-- [ RunTime:0.000202s ]
INFO: [ path_info ] --START--
INFO: [ path_info ] --END-- [ RunTime:0.000015s ]

[ 2017-01-10T21:59:00+08:00 ] ::1 /web/shop/index.php/Admin/Goodsimages/200905/thumb_img/21_thumb_G_1242109298150.jpg.jpg
INFO: [ app_init ] --START--
INFO: [ app_init ] --END-- [ RunTime:0.000231s ]
INFO: [ path_info ] --START--
INFO: [ path_info ] --END-- [ RunTime:0.000017s ]

[ 2017-01-10T21:59:00+08:00 ] ::1 /web/shop/index.php/Admin/Goodsimages/200905/goods_img/22_G_1241971076358.jpg.jpg
INFO: [ app_init ] --START--
INFO: [ app_init ] --END-- [ RunTime:0.000447s ]
INFO: [ path_info ] --START--
INFO: [ path_info ] --END-- [ RunTime:0.000018s ]

[ 2017-01-10T21:59:00+08:00 ] ::1 /web/shop/index.php/Admin/Goodsimages/200905/goods_img/21_G_1242109298873.jpg.jpg
INFO: [ app_init ] --START--
INFO: [ app_init ] --END-- [ RunTime:0.000722s ]
INFO: [ path_info ] --START--
INFO: [ path_info ] --END-- [ RunTime:0.000018s ]

[ 2017-01-10T21:59:00+08:00 ] ::1 /web/shop/index.php/Admin/Goods.jpg
INFO: [ app_init ] --START--
INFO: [ app_init ] --END-- [ RunTime:0.000256s ]
INFO: [ path_info ] --START--
INFO: [ path_info ] --END-- [ RunTime:0.000020s ]

[ 2017-01-10T21:59:00+08:00 ] ::1 /web/shop/index.php/Admin/Goodsimages/200905/thumb_img/13_thumb_G_1241968002527.jpg.jpg
INFO: [ app_init ] --START--
INFO: [ app_init ] --END-- [ RunTime:0.000267s ]
INFO: [ path_info ] --START--
INFO: [ path_info ] --END-- [ RunTime:0.000024s ]

[ 2017-01-10T21:59:00+08:00 ] ::1 /web/shop/index.php/Admin/Goodsimages/200905/thumb_img/22_thumb_G_1241971076803.jpg.jpg
INFO: [ app_init ] --START--
INFO: [ app_init ] --END-- [ RunTime:0.000965s ]
INFO: [ path_info ] --START--
INFO: [ path_info ] --END-- [ RunTime:0.000030s ]

[ 2017-01-10T21:59:00+08:00 ] ::1 /web/shop/index.php/Admin/Goodsimages/200905/thumb_img/24_thumb_G_1241971981429.jpg.jpg
INFO: [ app_init ] --START--
INFO: [ app_init ] --END-- [ RunTime:0.000188s ]
INFO: [ path_info ] --START--
INFO: [ path_info ] --END-- [ RunTime:0.000015s ]

[ 2017-01-10T21:59:00+08:00 ] ::1 /web/shop/index.php/Admin/Goodsimages/200905/goods_img/24_G_1241971981284.jpg.jpg
INFO: [ app_init ] --START--
INFO: [ app_init ] --END-- [ RunTime:0.000199s ]
INFO: [ path_info ] --START--
INFO: [ path_info ] --END-- [ RunTime:0.000016s ]

[ 2017-01-10T21:59:00+08:00 ] ::1 /web/shop/index.php/Admin/Goodsimages/200905/goods_img/23_G_1241971556855.jpg.jpg
INFO: [ app_init ] --START--
INFO: [ app_init ] --END-- [ RunTime:0.000219s ]
INFO: [ path_info ] --START--
INFO: [ path_info ] --END-- [ RunTime:0.000015s ]

[ 2017-01-10T21:59:00+08:00 ] ::1 /web/shop/index.php/Admin/Goodsimages/200905/goods_img/25_G_1241972709544.jpg.jpg
INFO: [ app_init ] --START--
INFO: [ app_init ] --END-- [ RunTime:0.000213s ]
INFO: [ path_info ] --START--
INFO: [ path_info ] --END-- [ RunTime:0.000015s ]

[ 2017-01-10T21:59:00+08:00 ] ::1 /web/shop/index.php/Admin/Goodsimages/200905/goods_img/26_G_1241972789293.jpg.jpg
INFO: [ app_init ] --START--
INFO: [ app_init ] --END-- [ RunTime:0.000218s ]
INFO: [ path_info ] --START--
INFO: [ path_info ] --END-- [ RunTime:0.000028s ]

[ 2017-01-10T21:59:00+08:00 ] ::1 /web/shop/index.php/Admin/Goodsimages/200905/thumb_img/26_thumb_G_1241972789393.jpg.jpg
INFO: [ app_init ] --START--
INFO: [ app_init ] --END-- [ RunTime:0.000228s ]
INFO: [ path_info ] --START--
INFO: [ path_info ] --END-- [ RunTime:0.000014s ]

[ 2017-01-10T21:59:00+08:00 ] ::1 /web/shop/index.php/Admin/Goodsimages/200905/thumb_img/23_thumb_G_1241971556399.jpg.jpg
INFO: [ app_init ] --START--
INFO: [ app_init ] --END-- [ RunTime:0.000244s ]
INFO: [ path_info ] --START--
INFO: [ path_info ] --END-- [ RunTime:0.000014s ]

[ 2017-01-10T21:59:00+08:00 ] ::1 /web/shop/index.php/Admin/Goodsimages/200905/goods_img/27_G_1241972894061.jpg.jpg
INFO: [ app_init ] --START--
INFO: [ app_init ] --END-- [ RunTime:0.000250s ]
INFO: [ path_info ] --START--
INFO: [ path_info ] --END-- [ RunTime:0.000016s ]

[ 2017-01-10T21:59:00+08:00 ] ::1 /web/shop/index.php/Admin/Goodsimages/200905/goods_img/28_G_1241972976313.jpg.jpg
INFO: [ app_init ] --START--
INFO: [ app_init ] --END-- [ RunTime:0.000220s ]
INFO: [ path_info ] --START--
INFO: [ path_info ] --END-- [ RunTime:0.000018s ]

[ 2017-01-10T21:59:00+08:00 ] ::1 /web/shop/index.php/Admin/Goodsimages/200905/thumb_img/25_thumb_G_1241972709885.jpg.jpg
INFO: [ app_init ] --START--
INFO: [ app_init ] --END-- [ RunTime:0.000193s ]
INFO: [ path_info ] --START--
INFO: [ path_info ] --END-- [ RunTime:0.000015s ]

[ 2017-01-10T21:59:00+08:00 ] ::1 /web/shop/index.php/Admin/Goodsimages/200905/thumb_img/30_thumb_G_1241973114800.jpg.jpg
INFO: [ app_init ] --START--
INFO: [ app_init ] --END-- [ RunTime:0.000287s ]
INFO: [ path_info ] --START--
INFO: [ path_info ] --END-- [ RunTime:0.000018s ]

[ 2017-01-10T21:59:00+08:00 ] ::1 /web/shop/index.php/Admin/Goodsimages/200905/goods_img/30_G_1241973114234.jpg.jpg
INFO: [ app_init ] --START--
INFO: [ app_init ] --END-- [ RunTime:0.000211s ]
INFO: [ path_info ] --START--
INFO: [ path_info ] --END-- [ RunTime:0.000017s ]

[ 2017-01-10T21:59:00+08:00 ] ::1 /web/shop/index.php/Admin/Goodsimages/200905/goods_img/31_G_1242110412332.jpg.jpg
INFO: [ app_init ] --START--
INFO: [ app_init ] --END-- [ RunTime:0.001727s ]
INFO: [ path_info ] --START--
INFO: [ path_info ] --END-- [ RunTime:0.000028s ]

[ 2017-01-10T21:59:00+08:00 ] ::1 /web/shop/index.php/Admin/Goodsimages/200905/goods_img/29_G_1241973022206.jpg.jpg
INFO: [ app_init ] --START--
INFO: [ app_init ] --END-- [ RunTime:0.000199s ]
INFO: [ path_info ] --START--
INFO: [ path_info ] --END-- [ RunTime:0.000016s ]

[ 2017-01-10T21:59:00+08:00 ] ::1 /web/shop/index.php/Admin/Goodsimages/200905/thumb_img/27_thumb_G_1241972894068.jpg.jpg
INFO: [ app_init ] --START--
INFO: [ app_init ] --END-- [ RunTime:0.000230s ]
INFO: [ path_info ] --START--
INFO: [ path_info ] --END-- [ RunTime:0.000020s ]

[ 2017-01-10T21:59:00+08:00 ] ::1 /web/shop/index.php/Admin/Goodsimages/200905/thumb_img/28_thumb_G_1241972976986.jpg.jpg
INFO: [ app_init ] --START--
INFO: [ app_init ] --END-- [ RunTime:0.000205s ]
INFO: [ path_info ] --START--
INFO: [ path_info ] --END-- [ RunTime:0.000014s ]

[ 2017-01-10T21:59:00+08:00 ] ::1 /web/shop/index.php/Admin/Goodsimages/200905/thumb_img/29_thumb_G_1241973022239.jpg.jpg
INFO: [ app_init ] --START--
INFO: [ app_init ] --END-- [ RunTime:0.000420s ]
INFO: [ path_info ] --START--
INFO: [ path_info ] --END-- [ RunTime:0.000028s ]

[ 2017-01-10T21:59:00+08:00 ] ::1 /web/shop/index.php/Admin/Goodsimages/200905/thumb_img/31_thumb_G_1242110412996.jpg.jpg
INFO: [ app_init ] --START--
INFO: [ app_init ] --END-- [ RunTime:0.000198s ]
INFO: [ path_info ] --START--
INFO: [ path_info ] --END-- [ RunTime:0.000011s ]

