[ 2017-03-05T19:01:39+08:00 ] ::1 /web/shop/index.php/home/user/logo.gif
INFO: [ app_init ] --START--
INFO: [ app_init ] --END-- [ RunTime:0.000286s ]
INFO: [ path_info ] --START--
INFO: [ path_info ] --END-- [ RunTime:0.000120s ]

[ 2017-03-05T19:01:39+08:00 ] ::1 /web/shop/index.php/home/user/biao7.gif
INFO: [ app_init ] --START--
INFO: [ app_init ] --END-- [ RunTime:0.000285s ]
INFO: [ path_info ] --START--
INFO: [ path_info ] --END-- [ RunTime:0.000058s ]

[ 2017-03-05T19:01:39+08:00 ] ::1 /web/shop/index.php/home/user/ecmoban_link.jpg
INFO: [ app_init ] --START--
INFO: [ app_init ] --END-- [ RunTime:0.000277s ]
INFO: [ path_info ] --START--
INFO: [ path_info ] --END-- [ RunTime:0.000063s ]

[ 2017-03-05T19:01:39+08:00 ] ::1 /web/shop/index.php/home/user/di.jpg
INFO: [ app_init ] --START--
INFO: [ app_init ] --END-- [ RunTime:0.000612s ]
INFO: [ path_info ] --START--
INFO: [ path_info ] --END-- [ RunTime:0.000066s ]

[ 2017-03-05T19:01:39+08:00 ] ::1 /web/shop/index.php/home/user/biao6.gif
INFO: [ app_init ] --START--
INFO: [ app_init ] --END-- [ RunTime:0.006653s ]
INFO: [ path_info ] --START--
INFO: [ path_info ] --END-- [ RunTime:0.000242s ]

[ 2017-03-05T19:01:39+08:00 ] ::1 /web/shop/index.php/home/user/sousuo.gif
INFO: [ app_init ] --START--
INFO: [ app_init ] --END-- [ RunTime:0.000477s ]
INFO: [ path_info ] --START--
INFO: [ path_info ] --END-- [ RunTime:0.000062s ]

[ 2017-03-05T19:01:39+08:00 ] ::1 /web/shop/index.php/home/user/yongda_logo.gif
INFO: [ app_init ] --START--
INFO: [ app_init ] --END-- [ RunTime:0.000407s ]
INFO: [ path_info ] --START--
INFO: [ path_info ] --END-- [ RunTime:0.000082s ]

[ 2017-03-05T19:01:39+08:00 ] ::1 /web/shop/index.php/home/user/biao3.gif
INFO: [ app_init ] --START--
INFO: [ app_init ] --END-- [ RunTime:0.000192s ]
INFO: [ path_info ] --START--
INFO: [ path_info ] --END-- [ RunTime:0.000059s ]

[ 2017-03-05T19:02:15+08:00 ] ::1 /web/shop/index.php/home/user/ecmoban_link.jpg
INFO: [ app_init ] --START--
INFO: [ app_init ] --END-- [ RunTime:0.000262s ]
INFO: [ path_info ] --START--
INFO: [ path_info ] --END-- [ RunTime:0.000051s ]

[ 2017-03-05T19:02:15+08:00 ] ::1 /web/shop/index.php/home/user/biao7.gif
INFO: [ app_init ] --START--
INFO: [ app_init ] --END-- [ RunTime:0.000248s ]
INFO: [ path_info ] --START--
INFO: [ path_info ] --END-- [ RunTime:0.000059s ]

[ 2017-03-05T19:02:15+08:00 ] ::1 /web/shop/index.php/home/user/di.jpg
INFO: [ app_init ] --START--
INFO: [ app_init ] --END-- [ RunTime:0.000278s ]
INFO: [ path_info ] --START--
INFO: [ path_info ] --END-- [ RunTime:0.000057s ]

[ 2017-03-05T19:02:15+08:00 ] ::1 /web/shop/index.php/home/user/biao3.gif
INFO: [ app_init ] --START--
INFO: [ app_init ] --END-- [ RunTime:0.000403s ]
INFO: [ path_info ] --START--
INFO: [ path_info ] --END-- [ RunTime:0.000102s ]

[ 2017-03-05T19:02:15+08:00 ] ::1 /web/shop/index.php/home/user/biao6.gif
INFO: [ app_init ] --START--
INFO: [ app_init ] --END-- [ RunTime:0.000279s ]
INFO: [ path_info ] --START--
INFO: [ path_info ] --END-- [ RunTime:0.000069s ]

[ 2017-03-05T19:02:15+08:00 ] ::1 /web/shop/index.php/home/user/logo.gif
INFO: [ app_init ] --START--
INFO: [ app_init ] --END-- [ RunTime:0.000457s ]
INFO: [ path_info ] --START--
INFO: [ path_info ] --END-- [ RunTime:0.000061s ]

[ 2017-03-05T19:02:15+08:00 ] ::1 /web/shop/index.php/home/user/yongda_logo.gif
INFO: [ app_init ] --START--
INFO: [ app_init ] --END-- [ RunTime:0.000782s ]
INFO: [ path_info ] --START--
INFO: [ path_info ] --END-- [ RunTime:0.000072s ]

[ 2017-03-05T19:02:15+08:00 ] ::1 /web/shop/index.php/home/user/sousuo.gif
INFO: [ app_init ] --START--
INFO: [ app_init ] --END-- [ RunTime:0.001441s ]
INFO: [ path_info ] --START--
INFO: [ path_info ] --END-- [ RunTime:0.000111s ]

[ 2017-03-05T19:06:53+08:00 ] ::1 /web/shop/index.php/home/user/logo.gif
INFO: [ app_init ] --START--
INFO: [ app_init ] --END-- [ RunTime:0.000319s ]
INFO: [ path_info ] --START--
INFO: [ path_info ] --END-- [ RunTime:0.000082s ]

[ 2017-03-05T19:06:53+08:00 ] ::1 /web/shop/index.php/home/user/biao6.gif
INFO: [ app_init ] --START--
INFO: [ app_init ] --END-- [ RunTime:0.000248s ]
INFO: [ path_info ] --START--
INFO: [ path_info ] --END-- [ RunTime:0.000057s ]

[ 2017-03-05T19:06:53+08:00 ] ::1 /web/shop/index.php/home/user/sousuo.gif
INFO: [ app_init ] --START--
INFO: [ app_init ] --END-- [ RunTime:0.000378s ]
INFO: [ path_info ] --START--
INFO: [ path_info ] --END-- [ RunTime:0.000060s ]

[ 2017-03-05T19:06:53+08:00 ] ::1 /web/shop/index.php/home/user/biao7.gif
INFO: [ app_init ] --START--
INFO: [ app_init ] --END-- [ RunTime:0.000374s ]
INFO: [ path_info ] --START--
INFO: [ path_info ] --END-- [ RunTime:0.000081s ]

[ 2017-03-05T19:06:53+08:00 ] ::1 /web/shop/index.php/home/user/biao3.gif
INFO: [ app_init ] --START--
INFO: [ app_init ] --END-- [ RunTime:0.000274s ]
INFO: [ path_info ] --START--
INFO: [ path_info ] --END-- [ RunTime:0.000072s ]

[ 2017-03-05T19:06:53+08:00 ] ::1 /web/shop/index.php/home/user/ecmoban_link.jpg
INFO: [ app_init ] --START--
INFO: [ app_init ] --END-- [ RunTime:0.000418s ]
INFO: [ path_info ] --START--
INFO: [ path_info ] --END-- [ RunTime:0.000107s ]

[ 2017-03-05T19:06:53+08:00 ] ::1 /web/shop/index.php/home/user/yongda_logo.gif
INFO: [ app_init ] --START--
INFO: [ app_init ] --END-- [ RunTime:0.000317s ]
INFO: [ path_info ] --START--
INFO: [ path_info ] --END-- [ RunTime:0.000107s ]

[ 2017-03-05T19:06:53+08:00 ] ::1 /web/shop/index.php/home/user/di.jpg
INFO: [ app_init ] --START--
INFO: [ app_init ] --END-- [ RunTime:0.000356s ]
INFO: [ path_info ] --START--
INFO: [ path_info ] --END-- [ RunTime:0.000092s ]

[ 2017-03-05T19:07:24+08:00 ] ::1 /web/shop/index.php/home/User/logo.gif
INFO: [ app_init ] --START--
INFO: [ app_init ] --END-- [ RunTime:0.000399s ]
INFO: [ path_info ] --START--
INFO: [ path_info ] --END-- [ RunTime:0.000071s ]

[ 2017-03-05T19:07:24+08:00 ] ::1 /web/shop/index.php/home/User/biao3.gif
INFO: [ app_init ] --START--
INFO: [ app_init ] --END-- [ RunTime:0.000263s ]
INFO: [ path_info ] --START--
INFO: [ path_info ] --END-- [ RunTime:0.000055s ]

[ 2017-03-05T19:07:24+08:00 ] ::1 /web/shop/index.php/home/User/sousuo.gif
INFO: [ app_init ] --START--
INFO: [ app_init ] --END-- [ RunTime:0.000414s ]
INFO: [ path_info ] --START--
INFO: [ path_info ] --END-- [ RunTime:0.000107s ]

[ 2017-03-05T19:07:24+08:00 ] ::1 /web/shop/index.php/home/User/biao7.gif
INFO: [ app_init ] --START--
INFO: [ app_init ] --END-- [ RunTime:0.000680s ]
INFO: [ path_info ] --START--
INFO: [ path_info ] --END-- [ RunTime:0.000090s ]

[ 2017-03-05T19:07:24+08:00 ] ::1 /web/shop/index.php/home/User/biao6.gif
INFO: [ app_init ] --START--
INFO: [ app_init ] --END-- [ RunTime:0.000303s ]
INFO: [ path_info ] --START--
INFO: [ path_info ] --END-- [ RunTime:0.000062s ]

[ 2017-03-05T19:07:24+08:00 ] ::1 /web/shop/index.php/home/User/ecmoban_link.jpg
INFO: [ app_init ] --START--
INFO: [ app_init ] --END-- [ RunTime:0.000647s ]
INFO: [ path_info ] --START--
INFO: [ path_info ] --END-- [ RunTime:0.000190s ]

[ 2017-03-05T19:07:24+08:00 ] ::1 /web/shop/index.php/home/User/yongda_logo.gif
INFO: [ app_init ] --START--
INFO: [ app_init ] --END-- [ RunTime:0.000790s ]
INFO: [ path_info ] --START--
INFO: [ path_info ] --END-- [ RunTime:0.000093s ]

[ 2017-03-05T19:07:24+08:00 ] ::1 /web/shop/index.php/home/User/di.jpg
INFO: [ app_init ] --START--
INFO: [ app_init ] --END-- [ RunTime:0.003534s ]
INFO: [ path_info ] --START--
INFO: [ path_info ] --END-- [ RunTime:0.000058s ]

[ 2017-03-05T19:07:29+08:00 ] ::1 /web/shop/index.php/home/User/logo.gif
INFO: [ app_init ] --START--
INFO: [ app_init ] --END-- [ RunTime:0.000299s ]
INFO: [ path_info ] --START--
INFO: [ path_info ] --END-- [ RunTime:0.000057s ]

[ 2017-03-05T19:07:29+08:00 ] ::1 /web/shop/index.php/home/User/biao7.gif
INFO: [ app_init ] --START--
INFO: [ app_init ] --END-- [ RunTime:0.000250s ]
INFO: [ path_info ] --START--
INFO: [ path_info ] --END-- [ RunTime:0.000056s ]

[ 2017-03-05T19:07:29+08:00 ] ::1 /web/shop/index.php/home/User/sousuo.gif
INFO: [ app_init ] --START--
INFO: [ app_init ] --END-- [ RunTime:0.002950s ]
INFO: [ path_info ] --START--
INFO: [ path_info ] --END-- [ RunTime:0.000054s ]

[ 2017-03-05T19:07:29+08:00 ] ::1 /web/shop/index.php/home/User/biao3.gif
INFO: [ app_init ] --START--
INFO: [ app_init ] --END-- [ RunTime:0.000270s ]
INFO: [ path_info ] --START--
INFO: [ path_info ] --END-- [ RunTime:0.000060s ]

[ 2017-03-05T19:07:29+08:00 ] ::1 /web/shop/index.php/home/User/biao6.gif
INFO: [ app_init ] --START--
INFO: [ app_init ] --END-- [ RunTime:0.000307s ]
INFO: [ path_info ] --START--
INFO: [ path_info ] --END-- [ RunTime:0.000058s ]

[ 2017-03-05T19:07:29+08:00 ] ::1 /web/shop/index.php/home/User/di.jpg
INFO: [ app_init ] --START--
INFO: [ app_init ] --END-- [ RunTime:0.000277s ]
INFO: [ path_info ] --START--
INFO: [ path_info ] --END-- [ RunTime:0.000055s ]

[ 2017-03-05T19:07:29+08:00 ] ::1 /web/shop/index.php/home/User/ecmoban_link.jpg
INFO: [ app_init ] --START--
INFO: [ app_init ] --END-- [ RunTime:0.000271s ]
INFO: [ path_info ] --START--
INFO: [ path_info ] --END-- [ RunTime:0.000059s ]

[ 2017-03-05T19:07:29+08:00 ] ::1 /web/shop/index.php/home/User/yongda_logo.gif
INFO: [ app_init ] --START--
INFO: [ app_init ] --END-- [ RunTime:0.009782s ]
INFO: [ path_info ] --START--
INFO: [ path_info ] --END-- [ RunTime:0.000067s ]

[ 2017-03-05T19:12:32+08:00 ] ::1 /web/shop/index.php/home/User/logo.gif
INFO: [ app_init ] --START--
INFO: [ app_init ] --END-- [ RunTime:0.000322s ]
INFO: [ path_info ] --START--
INFO: [ path_info ] --END-- [ RunTime:0.000072s ]

[ 2017-03-05T19:12:32+08:00 ] ::1 /web/shop/index.php/home/User/sousuo.gif
INFO: [ app_init ] --START--
INFO: [ app_init ] --END-- [ RunTime:0.000246s ]
INFO: [ path_info ] --START--
INFO: [ path_info ] --END-- [ RunTime:0.000092s ]

[ 2017-03-05T19:12:32+08:00 ] ::1 /web/shop/index.php/home/User/biao7.gif
INFO: [ app_init ] --START--
INFO: [ app_init ] --END-- [ RunTime:0.000754s ]
INFO: [ path_info ] --START--
INFO: [ path_info ] --END-- [ RunTime:0.000081s ]

[ 2017-03-05T19:12:32+08:00 ] ::1 /web/shop/index.php/home/User/biao6.gif
INFO: [ app_init ] --START--
INFO: [ app_init ] --END-- [ RunTime:0.002126s ]
INFO: [ path_info ] --START--
INFO: [ path_info ] --END-- [ RunTime:0.000065s ]

[ 2017-03-05T19:12:32+08:00 ] ::1 /web/shop/index.php/home/User/biao3.gif
INFO: [ app_init ] --START--
INFO: [ app_init ] --END-- [ RunTime:0.000347s ]
INFO: [ path_info ] --START--
INFO: [ path_info ] --END-- [ RunTime:0.000071s ]

[ 2017-03-05T19:12:32+08:00 ] ::1 /web/shop/index.php/home/User/di.jpg
INFO: [ app_init ] --START--
INFO: [ app_init ] --END-- [ RunTime:0.000332s ]
INFO: [ path_info ] --START--
INFO: [ path_info ] --END-- [ RunTime:0.000060s ]

[ 2017-03-05T19:12:32+08:00 ] ::1 /web/shop/index.php/home/User/ecmoban_link.jpg
INFO: [ app_init ] --START--
INFO: [ app_init ] --END-- [ RunTime:0.000322s ]
INFO: [ path_info ] --START--
INFO: [ path_info ] --END-- [ RunTime:0.000058s ]

[ 2017-03-05T19:12:32+08:00 ] ::1 /web/shop/index.php/home/User/yongda_logo.gif
INFO: [ app_init ] --START--
INFO: [ app_init ] --END-- [ RunTime:0.000179s ]
INFO: [ path_info ] --START--
INFO: [ path_info ] --END-- [ RunTime:0.000053s ]

[ 2017-03-05T19:26:47+08:00 ] ::1 /web/shop/index.php/home/User/logo.gif
INFO: [ app_init ] --START--
INFO: [ app_init ] --END-- [ RunTime:0.000310s ]
INFO: [ path_info ] --START--
INFO: [ path_info ] --END-- [ RunTime:0.000063s ]

[ 2017-03-05T19:26:47+08:00 ] ::1 /web/shop/index.php/home/User/biao6.gif
INFO: [ app_init ] --START--
INFO: [ app_init ] --END-- [ RunTime:0.000259s ]
INFO: [ path_info ] --START--
INFO: [ path_info ] --END-- [ RunTime:0.000057s ]

[ 2017-03-05T19:26:47+08:00 ] ::1 /web/shop/index.php/home/User/sousuo.gif
INFO: [ app_init ] --START--
INFO: [ app_init ] --END-- [ RunTime:0.001077s ]
INFO: [ path_info ] --START--
INFO: [ path_info ] --END-- [ RunTime:0.000061s ]

[ 2017-03-05T19:26:47+08:00 ] ::1 /web/shop/index.php/home/User/biao7.gif
INFO: [ app_init ] --START--
INFO: [ app_init ] --END-- [ RunTime:0.000857s ]
INFO: [ path_info ] --START--
INFO: [ path_info ] --END-- [ RunTime:0.000074s ]

[ 2017-03-05T19:26:47+08:00 ] ::1 /web/shop/index.php/home/User/yongda_logo.gif
INFO: [ app_init ] --START--
INFO: [ app_init ] --END-- [ RunTime:0.000543s ]
INFO: [ path_info ] --START--
INFO: [ path_info ] --END-- [ RunTime:0.000058s ]

[ 2017-03-05T19:26:47+08:00 ] ::1 /web/shop/index.php/home/User/biao3.gif
INFO: [ app_init ] --START--
INFO: [ app_init ] --END-- [ RunTime:0.002433s ]
INFO: [ path_info ] --START--
INFO: [ path_info ] --END-- [ RunTime:0.000076s ]

[ 2017-03-05T19:26:47+08:00 ] ::1 /web/shop/index.php/home/User/ecmoban_link.jpg
INFO: [ app_init ] --START--
INFO: [ app_init ] --END-- [ RunTime:0.000254s ]
INFO: [ path_info ] --START--
INFO: [ path_info ] --END-- [ RunTime:0.000075s ]

[ 2017-03-05T19:26:47+08:00 ] ::1 /web/shop/index.php/home/User/di.jpg
INFO: [ app_init ] --START--
INFO: [ app_init ] --END-- [ RunTime:0.000311s ]
INFO: [ path_info ] --START--
INFO: [ path_info ] --END-- [ RunTime:0.000055s ]

